2022-01-08 03:03:03,291 INFO 
START at 2022-01-08 03:03:03.291560
Symbols total: 3436

2022-01-08 03:03:03,494 INFO Update, ID: 0; Aluminum (644/6440/12880/64400) -> Ok
2022-01-08 03:03:03,705 INFO Update, ID: 1; Nickel (2790/27900/55800/279000) -> Ok
2022-01-08 03:03:03,918 INFO Update, ID: 2; XAGUSD (19/190/380/1900) -> Ok
2022-01-08 03:03:04,123 INFO Update, ID: 3; XAUUSD (78/780/1560/7800) -> Ok
2022-01-08 03:03:04,327 INFO Update, ID: 4; AUDCAD (134/1340/2680/13400) -> Ok
2022-01-08 03:03:04,530 INFO Update, ID: 5; AUDCHF (64/640/1280/6400) -> Ok
2022-01-08 03:03:04,745 INFO Update, ID: 6; AUDJPY (52/520/1040/5200) -> Ok
2022-01-08 03:03:04,947 INFO Update, ID: 7; AUDNOK (1488/14880/29760/148800) -> Ok
2022-01-08 03:03:05,151 INFO Update, ID: 8; AUDNZD (232/2320/4640/23200) -> Ok
2022-01-08 03:03:05,354 INFO Update, ID: 9; AUDSGD (2079/20790/41580/207900) -> Ok
2022-01-08 03:03:05,558 INFO Update, ID: 10; AUDUSD (36/360/720/3600) -> Ok
2022-01-08 03:03:05,781 INFO Update, ID: 11; CADCHF (78/780/1560/7800) -> Ok
2022-01-08 03:03:05,991 INFO Update, ID: 12; CADJPY (141/1410/2820/14100) -> Ok
2022-01-08 03:03:06,196 INFO Update, ID: 13; CHFJPY (52/520/1040/5200) -> Ok
2022-01-08 03:03:06,400 INFO Update, ID: 14; CHFNOK (31080/310800/621600/3108000) -> Ok
2022-01-08 03:03:06,603 INFO Update, ID: 15; CHFPLN (14240/142400/284800/1424000) -> Ok
2022-01-08 03:03:06,805 INFO Update, ID: 16; EURAUD (49/490/980/4900) -> Ok
2022-01-08 03:03:07,008 INFO Update, ID: 17; EURCAD (102/1020/2040/10200) -> Ok
2022-01-08 03:03:07,216 INFO Update, ID: 18; EURCHF (49/490/980/4900) -> Ok
2022-01-08 03:03:07,417 INFO Update, ID: 19; EURGBP (57/570/1140/5700) -> Ok
2022-01-08 03:03:07,622 INFO Update, ID: 20; EURHKD (687/6870/13740/68700) -> Ok
2022-01-08 03:03:07,824 INFO Update, ID: 21; EURHUF (1132/11320/22640/113200) -> Ok
2022-01-08 03:03:08,027 INFO Update, ID: 22; EURJPY (34/340/680/3400) -> Ok
2022-01-08 03:03:08,229 INFO Update, ID: 23; EURMXN (55799/557990/1115980/5579900) -> Ok
2022-01-08 03:03:08,432 INFO Update, ID: 24; EURNOK (2195/21950/43900/219500) -> Ok
2022-01-08 03:03:08,635 INFO Update, ID: 25; EURNZD (263/2630/5260/26300) -> Ok
2022-01-08 03:03:08,836 INFO Update, ID: 26; EURPLN (1100/11000/22000/110000) -> Ok
2022-01-08 03:03:09,042 INFO Update, ID: 27; EURSEK (1247/12470/24940/124700) -> Ok
2022-01-08 03:03:09,245 INFO Update, ID: 28; EURSGD (2458/24580/49160/245800) -> Ok
2022-01-08 03:03:09,447 INFO Update, ID: 29; EURTRY (18195/181950/363900/1819500) -> Ok
2022-01-08 03:03:09,651 INFO Update, ID: 30; EURUSD (21/210/420/2100) -> Ok
2022-01-08 03:03:09,853 INFO Update, ID: 31; GBPAUD (121/1210/2420/12100) -> Ok
2022-01-08 03:03:10,057 INFO Update, ID: 32; GBPCAD (261/2610/5220/26100) -> Ok
2022-01-08 03:03:10,260 INFO Update, ID: 33; GBPCHF (106/1060/2120/10600) -> Ok
2022-01-08 03:03:10,461 INFO Update, ID: 34; GBPDKK (2772/27720/55440/277200) -> Ok
2022-01-08 03:03:10,666 INFO Update, ID: 35; GBPHKD (29180/291800/583600/2918000) -> Ok
2022-01-08 03:03:10,871 INFO Update, ID: 36; GBPJPY (103/1030/2060/10300) -> Ok
2022-01-08 03:03:11,076 INFO Update, ID: 37; GBPNOK (27622/276220/552440/2762200) -> Ok
2022-01-08 03:03:11,279 INFO Update, ID: 38; GBPNZD (371/3710/7420/37100) -> Ok
2022-01-08 03:03:11,482 INFO Update, ID: 39; GBPPLN (10860/108600/217200/1086000) -> Ok
2022-01-08 03:03:11,685 INFO Update, ID: 40; GBPSEK (34445/344450/688900/3444500) -> Ok
2022-01-08 03:03:11,888 INFO Update, ID: 41; GBPSGD (316/3160/6320/31600) -> Ok
2022-01-08 03:03:12,092 INFO Update, ID: 42; GBPUSD (53/530/1060/5300) -> Ok
2022-01-08 03:03:12,294 INFO Update, ID: 43; GBPZAR (4938/49380/98760/493800) -> Ok
2022-01-08 03:03:12,498 INFO Update, ID: 44; HKDJPY (21/210/420/2100) -> Ok
2022-01-08 03:03:12,701 INFO Update, ID: 45; NOKJPY (67/670/1340/6700) -> Ok
2022-01-08 03:03:12,905 INFO Update, ID: 46; NOKSEK (571/5710/11420/57100) -> Ok
2022-01-08 03:03:13,107 INFO Update, ID: 47; NZDCAD (212/2120/4240/21200) -> Ok
2022-01-08 03:03:13,311 INFO Update, ID: 48; NZDCHF (153/1530/3060/15300) -> Ok
2022-01-08 03:03:13,514 INFO Update, ID: 49; NZDJPY (186/1860/3720/18600) -> Ok
2022-01-08 03:03:13,718 INFO Update, ID: 50; NZDSGD (190/1900/3800/19000) -> Ok
2022-01-08 03:03:13,918 INFO Update, ID: 51; NZDUSD (132/1320/2640/13200) -> Ok
2022-01-08 03:03:14,128 INFO Update, ID: 52; SGDJPY (1682/16820/33640/168200) -> Ok
2022-01-08 03:03:14,355 INFO Update, ID: 53; USDCAD (48/480/960/4800) -> Ok
2022-01-08 03:03:14,560 INFO Update, ID: 54; USDCHF (36/360/720/3600) -> Ok
2022-01-08 03:03:14,764 INFO Update, ID: 55; USDCNH (340/3400/6800/34000) -> Ok
2022-01-08 03:03:14,967 INFO Update, ID: 56; USDCZK (9129/91290/182580/912900) -> Ok
2022-01-08 03:03:15,172 INFO Update, ID: 57; USDDKK (422/4220/8440/42200) -> Ok
2022-01-08 03:03:15,375 INFO Update, ID: 58; USDHKD (415/4150/8300/41500) -> Ok
2022-01-08 03:03:15,576 INFO Update, ID: 59; USDHUF (1557/15570/31140/155700) -> Ok
2022-01-08 03:03:15,781 INFO Update, ID: 60; USDJPY (12/120/240/1200) -> Ok
2022-01-08 03:03:15,986 INFO Update, ID: 61; USDMXN (1557/15570/31140/155700) -> Ok
2022-01-08 03:03:16,188 INFO Update, ID: 62; USDNOK (2169/21690/43380/216900) -> Ok
2022-01-08 03:03:16,390 INFO Update, ID: 63; USDPLN (700/7000/14000/70000) -> Ok
2022-01-08 03:03:16,592 INFO Update, ID: 64; USDRUB (53459/534590/1069180/5345900) -> Ok
2022-01-08 03:03:16,793 INFO Update, ID: 65; USDSEK (1796/17960/35920/179600) -> Ok
2022-01-08 03:03:16,996 INFO Update, ID: 66; USDSGD (168/1680/3360/16800) -> Ok
2022-01-08 03:03:17,200 INFO Update, ID: 67; USDTRY (13733/137330/274660/1373300) -> Ok
2022-01-08 03:03:17,405 INFO Update, ID: 68; USDZAR (38941/389410/778820/3894100) -> Ok
2022-01-08 03:03:17,608 INFO Update, ID: 69; ZARJPY (213/2130/4260/21300) -> Ok
2022-01-08 03:03:17,810 INFO Update, ID: 70; XPDUSD (1140/11400/22800/114000) -> Ok
2022-01-08 03:03:18,012 INFO Update, ID: 71; XPTUSD (350/3500/7000/35000) -> Ok
2022-01-08 03:03:18,218 INFO Update, ID: 72; ADABTC (3/30/60/300) -> Ok
2022-01-08 03:03:18,419 INFO Update, ID: 73; ADAETH (4/40/80/400) -> Ok
2022-01-08 03:03:18,621 INFO Update, ID: 74; ADAEUR (10901/109010/218020/1090100) -> Ok
2022-01-08 03:03:18,822 INFO Update, ID: 75; ADAUSD (12232/122320/244640/1223200) -> Ok
2022-01-08 03:03:19,032 INFO Update, ID: 76; ATOBTC (104/1040/2080/10400) -> Ok
2022-01-08 03:03:19,239 INFO Update, ID: 77; ATOEUR (3698/36980/73960/369800) -> Ok
2022-01-08 03:03:19,466 INFO Update, ID: 78; ATOUSD (4132/41320/82640/413200) -> Ok
2022-01-08 03:03:19,687 INFO Update, ID: 79; BCHBTC (3/30/60/300) -> Ok
